Unity Editor version:    2020.3.27f1 (e759542391ea)
Branch:                  2020.3/release
Build type:              Release
Batch mode:              YES
macOS version:           Version 11.7.10 (Build 20G1427)
Darwin version:          20.6.0
Architecture:            x86_64
Running under Rosetta:   NO
Available memory:        16384 MB
Using pre-set license
Pro License: NO

COMMAND LINE ARGUMENTS:
/Applications/2020.3.27f1/Unity.app/Contents/MacOS/Unity
-adb2
-batchMode
-noUpm
-name
AssetImportWorker0
-projectPath
/Users/game56/Documents/GitHub/Strike-of-Gods
-logFile
Logs/AssetImportWorker0.log
-srvPort
53084
Successfully changed project path to: /Users/game56/Documents/GitHub/Strike-of-Gods
Could not lock editor preferences. Preferences updates for this instance of Unity will not be saved./Users/game56/Documents/GitHub/Strike-of-Gods
Using Asset Import Pipeline V2.
Refreshing native plugins compatible for Editor in 42.60 ms, found 3 plugins.
Preloading 0 native plugins for Editor in 0.00 ms.
Initialize engine version: 2020.3.27f1 (e759542391ea)
[Subsystems] Discovering subsystems at path /Applications/2020.3.27f1/Unity.app/Contents/Resources/UnitySubsystems
[Subsystems] Discovering subsystems at path /Users/game56/Documents/GitHub/Strike-of-Gods/Assets
GfxDevice: creating device client; threaded=0
2025-02-26 09:54:48.638 Unity[51416:22966867] iMac preferred device: AMD Radeon Pro 5500 XT (high power)
2025-02-26 09:54:48.638 Unity[51416:22966867] Metal devices available: 1
2025-02-26 09:54:48.638 Unity[51416:22966867] 0: AMD Radeon Pro 5500 XT (high power)
2025-02-26 09:54:48.639 Unity[51416:22966867] Using device AMD Radeon Pro 5500 XT (high power)
Initializing Metal device caps: AMD Radeon Pro 5500 XT
Initialize mono
Mono path[0] = '/Applications/2020.3.27f1/Unity.app/Contents/Managed'
Mono path[1] = '/Applications/2020.3.27f1/Unity.app/Contents/MonoBleedingEdge/lib/mono/unityjit'
Mono config path = '/Applications/2020.3.27f1/Unity.app/Contents/MonoBleedingEdge/etc'
Using monoOptions --debugger-agent=transport=dt_socket,embedding=1,server=y,suspend=n,address=127.0.0.1:56416
Begin MonoManager ReloadAssembly
Registering precompiled unity dll's ...
Register platform support module: /Applications/2020.3.27f1/Unity.app/Contents/PlaybackEngines/MacStandaloneSupport/UnityEditor.OSXStandalone.Extensions.dll
Registered in 0.000448 seconds.
Native extension for OSXStandalone target not found
Refreshing native plugins compatible for Editor in 42.49 ms, found 3 plugins.
Preloading 0 native plugins for Editor in 0.00 ms.
Mono: successfully reloaded assembly
- Completed reload, in  0.537 seconds
Domain Reload Profiling:
	ReloadAssembly (537ms)
		BeginReloadAssembly (37ms)
			ExecutionOrderSort (0ms)
			DisableScriptedObjects (0ms)
			BackupInstance (0ms)
			ReleaseScriptingObjects (0ms)
			CreateAndSetChildDomain (1ms)
		EndReloadAssembly (435ms)
			LoadAssemblies (37ms)
			RebuildTransferFunctionScriptingTraits (0ms)
			SetupTypeCache (157ms)
			ReleaseScriptCaches (0ms)
			RebuildScriptCaches (33ms)
			SetupLoadedEditorAssemblies (171ms)
				LogAssemblyErrors (0ms)
				InitializePlatformSupportModulesInManaged (4ms)
				SetLoadedEditorAssemblies (0ms)
				RefreshPlugins (43ms)
				BeforeProcessingInitializeOnLoad (7ms)
				ProcessInitializeOnLoadAttributes (92ms)
				ProcessInitializeOnLoadMethodAttributes (26ms)
				AfterProcessingInitializeOnLoad (0ms)
				EditorAssembliesLoaded (0ms)
			ExecutionOrderSort2 (0ms)
			AwakeInstancesAfterBackupRestoration (0ms)
Platform modules already initialized, skipping
Registering precompiled user dll's ...
Registered in 0.001822 seconds.
Begin MonoManager ReloadAssembly
Native extension for OSXStandalone target not found
Refreshing native plugins compatible for Editor in 41.84 ms, found 3 plugins.
Preloading 0 native plugins for Editor in 0.00 ms.
Mono: successfully reloaded assembly
- Completed reload, in  1.098 seconds
Domain Reload Profiling:
	ReloadAssembly (1098ms)
		BeginReloadAssembly (133ms)
			ExecutionOrderSort (0ms)
			DisableScriptedObjects (4ms)
			BackupInstance (0ms)
			ReleaseScriptingObjects (0ms)
			CreateAndSetChildDomain (27ms)
		EndReloadAssembly (909ms)
			LoadAssemblies (67ms)
			RebuildTransferFunctionScriptingTraits (0ms)
			SetupTypeCache (326ms)
			ReleaseScriptCaches (0ms)
			RebuildScriptCaches (56ms)
			SetupLoadedEditorAssemblies (350ms)
				LogAssemblyErrors (0ms)
				InitializePlatformSupportModulesInManaged (3ms)
				SetLoadedEditorAssemblies (0ms)
				RefreshPlugins (42ms)
				BeforeProcessingInitializeOnLoad (55ms)
				ProcessInitializeOnLoadAttributes (235ms)
				ProcessInitializeOnLoadMethodAttributes (14ms)
				AfterProcessingInitializeOnLoad (1ms)
				EditorAssembliesLoaded (0ms)
			ExecutionOrderSort2 (0ms)
			AwakeInstancesAfterBackupRestoration (5ms)
Platform modules already initialized, skipping
Validating Project structure ... 0.003203 seconds.
Shader import version has changed; will reimport all shaders...
Upgrading shader files ...0.010588 seconds.
Application.AssetDatabase Initial Script Refresh Start
RefreshInfo: InitialScriptRefreshV2(NoUpdateAssetOptions) scanfilter:  ... 1 filters
RefreshProfiler: Total: 0.000ms
Application.AssetDatabase Initial Script Refresh End
Application.AssetDatabase.Refresh Start
Application.AssetDatabase.Refresh End
RefreshInfo: StopAssetImportingV2(ForceSynchronousImport) scanfilter: 
RefreshProfiler: Total: 0.000ms
Launching external process: /Applications/2020.3.27f1/Unity.app/Contents/Tools/UnityShaderCompiler
Launched and connected shader compiler UnityShaderCompiler after 0.01 seconds
Initializing Unity extensions:
========================================================================
Worker process is ready to serve import requests
Refreshing native plugins compatible for Editor in 0.33 ms, found 3 plugins.
Preloading 0 native plugins for Editor in 0.00 ms.
Unloading 2709 Unused Serialized files (Serialized files now loaded: 0)
System memory in use before: 239.7 MB.
System memory in use after: 238.7 MB.

Unloading 176 unused Assets to reduce memory usage. Loaded Objects now: 3177.
Total: 3.261588 ms (FindLiveObjects: 0.187666 ms CreateObjectMapping: 0.108250 ms MarkObjects: 2.503083 ms  DeleteObjects: 0.461980 ms)

AssetImportParameters requested are different than current active one (requested -> active):
  custom:video-decoder-ogg-theora: a1e56fd34408186e4bbccfd4996cb3dc -> 
  custom:container-muxer-webm: aa71ff27fc2769a1b78a27578f13a17b -> 
  custom:container-demuxer-webm: 4f35f7cbe854078d1ac9338744f61a02 -> 
  custom:container-demuxer-ogg: 62fdf1f143b41e24485cea50d1cbac27 -> 
  custom:video-encoder-webm-vp8: eb34c28f22e8b96e1ab97ce403110664 -> 
  custom:framework-osx-AVFoundation: e770b220cccbd017edd2c1fefb359320 -> 
  custom:video-decoder-webm-vp8: 9c59270c3fd7afecdb556c50c9e8de78 -> 
  custom:audio-decoder-ogg-vorbis: bf7c407c2cedff20999df2af8eb42d56 -> 
  custom:audio-encoder-webm-vorbis: bf7c407c2cedff20999df2af8eb42d56 -> 
========================================================================
Received Import Request.
  path: Assets/art
  artifactKey: Guid(5148ff90bf7ea48c69c06ff54f0135fc) Importer(815301076,1909f56bfc062723c751e8b465ee728b)
Start importing Assets/art using Guid(5148ff90bf7ea48c69c06ff54f0135fc) Importer(815301076,1909f56bfc062723c751e8b465ee728b)  -> (artifact id: '7106221f6cde1d8b5bd03c7719bdaf0a') in 0.003673 seconds 
  Import took 0.006332 seconds .

========================================================================
Received Import Request.
  Time since last request: 0.359825 seconds.
  path: Assets/art/Main menu
  artifactKey: Guid(0407f33372f337049874fdf705e94699) Importer(815301076,1909f56bfc062723c751e8b465ee728b)
Start importing Assets/art/Main menu using Guid(0407f33372f337049874fdf705e94699) Importer(815301076,1909f56bfc062723c751e8b465ee728b)  -> (artifact id: 'd30afe2da7dec3e1494390765e1dc0ec') in 0.000910 seconds 
  Import took 0.004046 seconds .

========================================================================
Received Import Request.
  Time since last request: 0.225804 seconds.
  path: Assets/art/Main menu/menu button.png
  artifactKey: Guid(3fb2547d4196eae44a70b5a16ea64344) Importer(815301076,1909f56bfc062723c751e8b465ee728b)
Start importing Assets/art/Main menu/menu button.png using Guid(3fb2547d4196eae44a70b5a16ea64344) Importer(815301076,1909f56bfc062723c751e8b465ee728b)  -> (artifact id: '25e11d3963ff0d3863cd5d9024987a3f') in 0.752211 seconds 
  Import took 0.759447 seconds .

========================================================================
Received Import Request.
  Time since last request: 0.000218 seconds.
  path: Assets/art/Main menu/menu ref.png
  artifactKey: Guid(1ed3b7a68c4846249ba3c2f7738bb46f) Importer(815301076,1909f56bfc062723c751e8b465ee728b)
Start importing Assets/art/Main menu/menu ref.png using Guid(1ed3b7a68c4846249ba3c2f7738bb46f) Importer(815301076,1909f56bfc062723c751e8b465ee728b)  -> (artifact id: '3b2d1583632da1d05f20f52b73d423ab') in 0.025044 seconds 
  Import took 0.028433 seconds .

========================================================================
Received Import Request.
  Time since last request: 102.632641 seconds.
  path: Assets/art/Pause Menu
  artifactKey: Guid(4c6fa3f35557447dea9a4ae21f651fbe) Importer(815301076,1909f56bfc062723c751e8b465ee728b)
Start importing Assets/art/Pause Menu using Guid(4c6fa3f35557447dea9a4ae21f651fbe) Importer(815301076,1909f56bfc062723c751e8b465ee728b)  -> (artifact id: 'aa000b68e1d11ba31620de1a08140ef6') in 0.001909 seconds 
  Import took 0.005042 seconds .

AssetImportWorkerClient::OnTransportError - code=2 error=End of file
